version 1.0.0   2023-04-13
  1.初始版本, 统一ROS驱动框架。

version 1.1.0   2023-06-12
  1.增加获取设备信息功能;
  2.接入WLR-721 和 WLR-733。

version 1.1.1   2023-08-02
  1.接入WLR-720。

version 1.2.1   2023-11-17
  1.接入WLR-719。

version 1.3.1   2023-11-28
  1.接入WLR-740。
  
version 1.4.1   2023-12-13
  1.接入WLR-719c。

version 1.4.2   2023-12-26
  1.删除分帧模式配置项;
  2.修改点云结构体中元素(intensity)定义类型uint8->float。

version 1.5.1   2024-01-12
  1.接入WLR-750。

version 1.6.1   2024-01-15
  1.接入WLR-718H。

version 1.6.2   2024-02-02
  1.修复WLR-718H解析丢包问题。

version 1.7.1   2024-02-19
  1.接入WLR-716mini。

version 1.7.2   2024-02-28
  1.新增WLR-740IMU算法点云解析。

version 1.8.1   2024-03-13
  1.接入WLR-720 32线点云解析。

version 1.8.2   2024-03-26
  1.变量名命名规范。

version 1.8.4   2024-03-27
  1.不使用雷达时间时，直接使用服务器时间作为点云时间。

version 1.8.5   2024-04-02
  1.新增socket重新创建。

version 1.8.6   2024-04-08
  1.优化IMU算法, 同步IMU坐标系与点云坐标系。

version 1.8.7   2024-04-08
  1.更新雷达时间补偿值算法策略。

version 1.8.10   2024-04-24
  1.新增WLR-716mini 0.125° 分辨率点云解析;
  2.优化雷达分辨率获取策略。

version 1.9.1   2024-05-06
  1.接入WLR-740B。

version 1.9.2   2024-05-27
  1.新增WLR-740 B样 协议解析。

version 1.9.3   2024-05-28
  1.更新WLR-750B协议解析。

version 1.10.1   2024-05-30
  1.新增WLR-760协议解析。

version 1.10.2   2024-06-19
  1.点云数据即时发送。

version 1.10.3   2024-07-08
  1.WLR-716mini 协议更新, 新增 0.05° 和 0.1° 角度分辨率;
  2.丢包异常处理。

version 1.10.5   2024-07-23
  1.新增英文版说明文档。

version 2.0.2   2024-08-22
  1.实现通用协议解析模板,WLR-750B 使用通用协议模板解析;
  2.demo 用例更新。

version 2.0.3   2024-08-22
  1.更新WLR-760 协议解析,WLR-760 使用通用协议模板解析。

version 2.0.4   2024-08-23
  1.新增驱动编译为动态库方法;
  2.新增WLR-718X 点云解析(14Hz)。

version 2.0.5   2024-09-02
  1.新增点云屏蔽功能, WLR-720 系列雷达使用该功能;
  2.所有雷达点云坐标系统一;
  3.优化IMU算法提高温补精度;
  4.新增点云输出逻辑,IMU使能情况下待IMU标定完成后再出点云;
  5.兼容WLR-718X 点云强度值不使能。

version 2.0.6   2024-09-03
  1.解决通用版协议中功能参数和IMU参数结构体赋值bug, 校验位使用uint16_t存储;
  2.同步WLR-760 协议解析,更新同圈第一个点与最后一个点时间差为74ms;
  3.新增WLR-722 协议解析和IMU解析;
  4.IMU坐标系与雷达一致(出线方向为X-)。

version 2.0.7   2024-09-06
  1.更新WLR-719c 点云解析;
  2.更新WLR-719 和WLR-719c 时间戳计算逻辑;
  3.新增WLR-719 和WLR-719c 丢帧处理逻辑。

version 2.0.10   2024-09-30
  1.更新WLR-750B 时间戳计算逻辑;
  2.代码风格格式化;
  3.标准化IMU坐标系,新增标定状态限制;
  4.新增WLR-722 偏心参数解析;
  5.更新WLR-760 协议解析;
  6.TCP 重连机制优化;
  7.WLR-720 16线 点云屏蔽功能优化;
  8.WLR-719/WLR-719c 心跳指令发送方式更新;
  9.修改WLR-716mini 要数指令策略,便于雷达重启后直接获取数据;
  10.修改WLR-718H 要数指令策略,便于雷达重启后直接获取数据。

version 2.0.11   2024-10-15
  1.解决 vanjee_driver_v2.0.7 及之后版本ROS2编译错误bug;
  2.更新WLR-760 协议解析,兼容140视场角及双回波模式;
  3.更新WLR-733 点云解析,默认旋转方向为逆时针;
  4.雷达参数通道角度偏差计算关联旋转方向;
  5.解决WLR-721 点云角度分辨率计算错误bug。

version 2.0.12   2024-11-18
  1.删除设备协议解析中stasic关键字,避免多台同型号不同工作模式雷达同时接入时参数计算错误;
  2.WLR-722 分包角度为当前角度, 避免圈内分包。

version 2.0.13   2024-11-26
  1.兼容WLR-722 imu数据发布频率200Hz;
  2.修复 v2.0.12 版本WLR-722 雷达获取偏心参数异常bug。

version 2.0.14   2024-12-03
  1.新增设备交互接口及话题交互, 实现722设备状态设置交互;
  2.兼容WLR-716mini 距离反射率交替协议;
  3.兼容WLR-722 0.3°角度分辨率解析;
  4.ROS2下通过同一个节点发布和订阅话题;
  5.新增故障上报功能, 支持雷达型号WLR-716mini, WLR-718H, WLR-719;
  6.角度配置文件重命名;
  7.ROS2环境修改节点定义方式, 各话题在一个节点发布。

version 2.0.15   2025-01-15
  1.新增WLR-722 通用版协议解析;
  2.新增WLR-722 单独imu数据包解析;
  3.新增话题任务开关;
  4.新增配置项:相对时间戳与项绝对时间戳切换;
  5.兼容WLR-750E 点云解析。

version 2.0.16   2025-02-08
  1.更新WLR-750E 点云解析(滑动角度表);
  2.更新WLR-733 点云解析,兼容丢包异常处理。

version 2.0.17   2025-02-10
  1.新增WLR-720H 点云解析。

version 2.1.1   2025-02-10
  1.新增WLR-719E 点云解析;
  2.驱动lib及demo更新。

version 2.1.2   2025-02-27
  1.新增WLR-722 固定通道发光设置;
  2.兼容WLR-733 顺时针扫描点云解析。

version 2.1.3   2025-04-01
  1.更新WLR-760 点云解析,同步角度表;
  2.解决离线数据包(pcap)输入时不能读取difop数据的问题;
  3.解决WLR-722 方位角为负值导致部分点云被屏蔽问题。

version 2.1.4   2025-04-09
  1.优化WLR-719E 点云时间戳计算;
  2.解决部分设备编译时，提示无法找到自定义消息头文件的问题。

version 2.1.5   2025-04-11
  1.新增WLR-722Z 点云解析;
  2.新增WLR-722F 点云解析;
  3.新增XYZIRTT点云数据格式。
  
version 2.1.6   2025-05-30
  1.优化WLR-722Z 实现串口获取雷达参数;
  2.解决WLR-722 雷达断电重启驱动异常退出问题。

version 2.1.7   2025-06-05
  1.新增雷达原始数据协议包packet话题发布及订阅;
  2.更改串口模式设置入口，如配置文件中由 msg_source 改为 connect_type 配置项进行配置;
  3.新增故障上报功能(WLR-720_16, WLR-720_32, WLR-722);
  4.兼容WLR-722协议 (雷达时间戳更新)。

version 2.1.8   2025-06-18
  1.解决使用串口连接设备时cpu占用高的问题。

version 2.1.9   2025-07-03
  1.更新串口阻塞方式;
  2.解决屏蔽点云发布内存会泄漏问题;
  3.WLR-722F 和 WLR-722Z imu 与配置文件 yaw 角解除关联;
  4.WLR-716mini 协议版本兼容(HK);
  5.新增IMU数据旋转参数配置项;
  6.新增WLR-722Z 温度上报话题。

version 2.1.10   2025-07-08
  1.新增发光角度补偿 (WLR-720_16, WLR-720_32, WLR-721, WLR-722);
  2.新增偏心参数应用 (WLR-720_16, WLR-720_32);
  3.更新imu零点标定策略;
  4.兼容WLR-722F 点云解析 (0.15°/5hz);
  5.兼容WLR-722Z 点云解析 (1.2°/5hz)。

version 2.2.1   2025-07-15
  1.新增WLR-722H 点云解析。

version 2.2.2   2025-07-24
  1.使用raw packet话题时, 录制雷达参数协议;
  2.可配置在固定网卡上创建socket, 不配置时默认根据ip在对应网卡上创建。

version 2.2.3   2025-08-01
  1.新增 WLR-760 v1.132 点云解析;
  2.新增 WLR-760 v1.1 点云解析。

version 2.2.4   2025-08-07
  1.解决WLR-716mini 设备状态话题不使能的情况下, 雷达上传故障码会导致内存溢出的问题(此问题存在于 v2.1.9 及更高版本的代码集成方式中);

version 2.2.5   2025-08-21
  1.新增 WLR-719 拖尾滤波算法，可通过配置文件切换是否使能;
  2.日期转时间戳时新增时区补偿, 输出时间戳为雷达原始时间;
  3.解决 WLR-722F 刚上电时驱动发布点云异常的问题。

version 2.2.6   2025-09-16
  1.新增 WLR-762 并接入握手/心跳指令;
  2.优化 TCP 重连策略,解决部分设备网络重连导致驱动异常退出的问题;
  3.更新 WLR-722F 和 WLR-722H温度上报方式, 改为按固定频率上报;
  4.新增 WLR-722F V3协议版本的点云解析;
  5.新增 WLR-722Z 故障码解析及话题发布;
  6.新增 WLR-750C 点云解析;
  7.新增 WLR-750E IMU 解析, 更新角度表文件;
  8.解决使用pcl格式且点云话题发布使用列发布模式时, 点云数据异常的问题;
  9.更新 WLR-720_16 和 WLR-720_32 雷达发光时刻补偿。

version 2.2.7   2025-10-28
  1.新增参数查询/设置自定义话题;
  2.优化 WLR-722Z 分辨率判断策略, 避免同一圈点云误分圈。

version 2.2.8   2025-11-07
  1.新增 WLR-722Z IMU 加速度量程查询和设置功能;
  2.新增 WLR-722Z 点云元素 "tag";
  3.新增 WLR-722H V3协议版本的点云解析;
  4.新增 WLR-722H 点云解析(0.3°/10hz);
  5.更新 WLR-722 光心补偿;
  6.增加日志时间信息。

version 2.2.9   2025-12-19
  1.更新 WLR-720 和 WLR-720_32 光心补偿;
  2.新增雷达状态主动判断, 包括雷达数据接收异常和雷达数据内容异常上报故障话题, 支持雷达型号: WLR-716mini、WLR-718 和 WLR-719;
  3.新增 WLR-716Mini 和 WLR-718H 固件版本号查询。
