version 1.0.0   2023-04-13
  1.Unified ROS Framework;

version 1.1.0   2023-06-12
  1.Add the function of obtaining device information;
  2.Add new device of WLR-721, WLR-733;

version 1.1.1   2023-08-02
  1.Add new device of WLR-720;

version 1.2.1   2023-11-17
  1.Add new device of WLR-719;

version 1.3.1   2023-11-28
  1.Add new device of WLR-740;
  
version 1.4.1   2023-12-13
  1.Add new device of WLR-719C;

version 1.4.2   2023-12-26
  1.Delete framing mode configuration item;
  2.Modify the element (intensity) definition type in the point cloud structure,uint8 to float;

version 1.5.1   2024-01-12
  1.Add new device of WLR-750;

version 1.6.1   2024-01-15
  1.Add new device of WLR-718h;

version 1.6.2   2024-02-02
  1.Resolve 718h packet loss issue; 

version 1.7.1   2024-02-19
  1.Add new device of WLR-716mini;

version 1.7.2   2024-02-28
  1.Added WLR-740 IMU algorithm point cloud analysis; 

version 1.8.1   2024-03-13
  1.Add new device of WLR-720_32; 

version 1.8.2   2024-03-26
  1.Variable naming conventions;

version 1.8.4   2024-03-27
  1.When not using lidar time, directly use server time as point cloud time; 

version 1.8.5   2024-04-02
  1.Add socket re creation function;

version 1.8.6   2024-04-08
  1.Optimize IMU algorithm, synchronize IMU coordinate system with point cloud coordinate system;

version 1.8.7   2024-04-08
  1.Algorithm strategy for updating lidar time compensation values;

version 1.8.10   2024-04-24
  1.Added WLR-716mini 0.125 ° resolution point cloud analysis;
  2.Optimize lidar resolution acquisition strategy;

version 1.9.1   2024-05-06
  1.Add new device of WLR-740B; 

version 1.9.2   2024-05-27
  1.Add new device of WLR-740 type B; 

version 1.9.3   2024-05-28
  1.Update WLR-750B protocol analysis

version 1.10.1   2024-05-30
  1.Add new device of WLR-760; 

version 1.10.2   2024-06-19
  1.Real time transmission of point cloud data;

version 1.10.3   2024-07-08
  1.Added WLR-716mini 0.1 ° and 0.05 ° resolution point cloud analysis;
  2.Packet loss handling

version 1.10.5   2024-07-23
  1.Add an English version of the explanatory document

version 2.0.2   2024-08-22
  1.Implement a universal version protocol parsing template, WLR-750B uses this protocol template for parsing
  2.Update demo use case

version 2.0.3   2024-08-22
  1.Update WLR-760 protocol analysis,WLR-760 uses universal version protocol template for parsing

version 2.0.4   2024-08-23
  1.Add driver compilation to dynamic library method
  2.Update WLR-718x protocol analysis(14Hz)

version 2.0.5   2024-09-02
  1.Added point cloud masking function, which is used by the wlr-720 series lidar
  2.All lidars use the same point cloud coordinate system
  3.Optimize IMU algorithm, improve the accuracy of temperature compensation algorithm
  4.Add point cloud output logic, when IMU is enabled, point cloud output needs to wait for IMU calibration to be completed
  5.Compatibility with wlr-718x point cloud intensity value not enabled

version 2.0.6   2024-09-03
  1.Resolve the bug of assigning function parameters and IMU parameter structure to the universal version protocol, and store the checksum using "uint16_t"
  2.Synchronization wlr-760 protocol analysis, update the time difference between the first and last points in the same circle to 74ms
  3.Added WLR-722 protocol parsing and IMU parsing
  4.The IMU coordinate system is consistent with the lidar (the wire direction is X-)

version 2.0.7   2024-09-06
  1.Update wlr-719c point cloud analysis
  2.Update the timestamp calculation logic for wlr-719 and wlr-719c
  3.Added frame loss processing logic for wlr-719 and wlr-719c

version 2.0.10   2024-09-30
  1.Update the timestamp calculation logic for wlr-750B
  2.Code style formatting
  3.Standardized IMU coordinate system and add calibration status restrictions
  4.Added WLR-722 eccentricity parameter protocol parsing
  5.Update WLR-760 protocol analysis
  6.Optimization of TCP reconnection mechanism
  7.WLR-720_16 point cloud masking function optimization
  8.Update heartbeat command sending method of WLR-719 and WLR-719c
  9.Modify the strategy of WLR-716mini to obtain point cloud data instructions, so that point cloud data can be directly obtained after lidar restart
  10.Modify the strategy of WLR-718h to obtain point cloud data instructions, so that point cloud data can be directly obtained after lidar restart

version 2.0.11   2024-10-15
  1.Resolve the compilation error bug in vanjee_driverv2.0.7 and later versions of ROS2
  2.Update WLR-760 protocol analysis,compatible with 140° field of view and dual-echo mode
  3.Update WLR-733 point cloud analysis, default rotation direction is anticlockwise
  4.Calculation of lidar channel angle offset is associated with rotation direction
  5.Resolve the bug of WLR-721 point cloud angle resolution calculation error

version 2.0.12   2024-11-18
  1.Delete the 'static' keyword in device protocol parsing to avoid parameter calculation errors 
    when multiple lidars of the same model and different working modes are connected simultaneously
  2.722 subcontracting angle is the current angle to avoid subcontracting within the circle

version 2.0.13   2024-11-26
  1.Compatible with WLR-722 IMU data release frequency of 200Hz
  2.Resolve the bug of abnormal eccentricity parameter acquisition for WLR-722 in vanjee_driverv2.0.7

version 2.0.14   2024-12-03
  1.Add device interaction interface and topic interaction to achieve WLR-722 device status setting interaction
  2.Compatible with WLR-716mini distance reflectivity alternating protocol
  3.Compatible with WLR-722 0.3 ° angle resolution analysis
  4.subscribe and publish ros topics through the same node in ROS2
  5.Added fault reporting function, supporting lidar type WLR-716mini WLR-718h WLR-719
  6.Rename angle configuration file 
  7.Modifies the node definition method in ROS2 environment, with each topic published on one node

version 2.0.15   2025-01-15
  1.Added WLR-722 universal version protocol parsing
  2.Added WLR-722 IMU packet parsing
  3.Add ros topic task switch
  4.Add new configuration item: Switching between relative timestamp and item absolute timestamp
  5.Compatible with WLR-750E point cloud analysis
